[12:29:19] [main/INFO]: ModLauncher running: args [--launchTarget, forgeclientdev, --version, 21.3.57, --assetIndex, asset-index, --assetsDir, C:\Users\rosar\.gradle\caches\minecraft\assets, --gameDir, ., --fml.fmlVersion, 5.0.6, --fml.mcVersion, 1.21.3, --fml.neoForgeVersion, 21.3.57, --fml.neoFormVersion, 20241023.131943]
[12:29:19] [main/INFO]: JVM identified as Amazon.com Inc. OpenJDK 64-Bit Server VM 21.0.5+11-LTS
[12:29:19] [main/INFO]: ModLauncher 11.0.4+main.d2e20e43 starting: java version 21.0.5 by Amazon.com Inc.; OS Windows 11 arch amd64 version 10.0
[12:29:19] [main/INFO]: Loading ImmediateWindowProvider fmlearlywindow
[12:29:19] [main/INFO]: Trying GL version 4.6
[12:29:19] [main/INFO]: Requested GL version 4.6 got version 4.6
[12:29:19] [main/INFO]: SpongePowered MIXIN Subsystem Version=0.8.7 Source=union:/C:/Users/rosar/.gradle/caches/modules-2/files-2.1/net.fabricmc/sponge-mixin/0.15.2+mixin.0.8.7/2af2f021d8e02a0220dc27a7a72b4666d66d44ca/sponge-mixin-0.15.2+mixin.0.8.7.jar%23166!/ Service=ModLauncher Env=CLIENT
[12:29:20] [main/INFO]: Found mod file "neoforge-21.3.57.jar" [locator: neoforge devenv provider ([D:\Programmazione\Mod\More Nuggets\NEOFORGE\1.21.3\.gradle\repositories\ng_dummy_ng\net\neoforged\neoforge\21.3.57\neoforge-21.3.57.jar])]
[12:29:20] [main/INFO]: Found mod file "neoforge-21.3.57.jar" [locator: neoforge devenv provider ([D:\Programmazione\Mod\More Nuggets\NEOFORGE\1.21.3\.gradle\repositories\ng_dummy_ng\net\neoforged\neoforge\21.3.57\neoforge-21.3.57.jar])]
[12:29:20] [main/INFO]: Found mod file "main" [locator: userdev mods and services, reader: mod manifest]
[12:29:20] [pool-2-thread-1/INFO]: GL info: NVIDIA GeForce GTX 1650/PCIe/SSE2 GL version 4.6.0 NVIDIA 566.14, NVIDIA Corporation
[12:29:20] [main/INFO]: Found mod file "neoforge-21.3.57.jar" [locator: userdev mods and services, reader: mod manifest]
[12:29:20] [main/INFO]: Found mod file "RoughlyEnoughItems-neoforge-17.0.790.jar" [locator: userdev mods and services, reader: mod manifest]
[12:29:20] [main/INFO]: Found mod file "cloth-config-neoforge-16.0.141-neoforge.jar" [locator: userdev mods and services, reader: mod manifest]
[12:29:20] [main/INFO]: Found mod file "architectury-neoforge-14.0.3.jar" [locator: userdev mods and services, reader: mod manifest]
[12:29:20] [main/INFO]: Found gamelibrary file "mixinextras-neoforge-0.4.1.jar" [locator: userdev mods and services, reader: mod manifest]
[12:29:20] [main/WARN]: Attempted to select a dependency jar for JarJar which was passed in as source: library:mixinextras.neoforge. Using Mod File: C:\Users\rosar\.gradle\caches\modules-2\files-2.1\io.github.llamalad7\mixinextras-neoforge\0.4.1\eff97772ecd0dcf8e52cdbafd3b3ccec425f8314\mixinextras-neoforge-0.4.1.jar
[12:29:20] [main/INFO]: Found 1 dependencies adding them to mods collection
[12:29:20] [main/INFO]: Found library file "net.neoforged.neoforge-coremods-21.3.57.jar" [parent: neoforge-21.3.57.jar, locator: jarinjar, reader: mod manifest]
[12:29:20] [main/INFO]: 
     Mod List:
		Name Version (Mod Id)

		Architectury 14.0.3 (architectury)
		Cloth Config v16 API 16.0.141 (cloth_config)
		Minecraft 1.21.3 (minecraft)
		MoreNuggets 1.21.3-0.1 (morenuggets)
		NeoForge 21.3.57 (neoforge)
		Roughly Enough Items (REI) 17.0.790 (roughlyenoughitems)
[12:29:21] [main/INFO]: Launching target 'forgeclientdev' with arguments [--version, 21.3.57, --gameDir, ., --assetsDir, C:\Users\rosar\.gradle\caches\minecraft\assets, --assetIndex, asset-index]
[12:29:21] [main/INFO]: Initializing MixinExtras via com.llamalad7.mixinextras.service.MixinExtrasServiceImpl(version=0.4.1).
[06dic2024 12:29:24.109] [Datafixer Bootstrap/INFO] [com.mojang.datafixers.DataFixerBuilder/]: 240 Datafixer optimizations took 1109 milliseconds
[06dic2024 12:29:30.087] [main/WARN] [net.minecraft.commands.Commands/]: Ambiguity between arguments [teleport, location] and [teleport, destination] with inputs: [0.1 -0.5 .9, 0 0 0]
[06dic2024 12:29:30.089] [main/WARN] [net.minecraft.commands.Commands/]: Ambiguity between arguments [teleport, location] and [teleport, targets] with inputs: [0.1 -0.5 .9, 0 0 0]
[06dic2024 12:29:30.094] [main/WARN] [net.minecraft.commands.Commands/]: Ambiguity between arguments [teleport, destination] and [teleport, targets] with inputs: [Player, 0123, @e, dd12be42-52a9-4a91-a8a1-11c01849e498]
[06dic2024 12:29:30.096] [main/WARN] [net.minecraft.commands.Commands/]: Ambiguity between arguments [teleport, targets] and [teleport, destination] with inputs: [Player, 0123, dd12be42-52a9-4a91-a8a1-11c01849e498]
[06dic2024 12:29:30.098] [main/WARN] [net.minecraft.commands.Commands/]: Ambiguity between arguments [teleport, targets, location] and [teleport, targets, destination] with inputs: [0.1 -0.5 .9, 0 0 0]
[06dic2024 12:29:30.237] [Render thread/WARN] [net.minecraft.server.packs.VanillaPackResourcesBuilder/]: Assets URL 'union:/D:/Programmazione/Mod/More%20Nuggets/NEOFORGE/1.21.3/.gradle/repositories/ng_dummy_ng/net/neoforged/neoforge/21.3.57/neoforge-21.3.57.jar%23221!/assets/.mcassetsroot' uses unexpected schema
[06dic2024 12:29:30.237] [Render thread/WARN] [net.minecraft.server.packs.VanillaPackResourcesBuilder/]: Assets URL 'union:/D:/Programmazione/Mod/More%20Nuggets/NEOFORGE/1.21.3/.gradle/repositories/ng_dummy_ng/net/neoforged/neoforge/21.3.57/neoforge-21.3.57.jar%23221!/data/.mcassetsroot' uses unexpected schema
[06dic2024 12:29:30.265] [Render thread/INFO] [com.mojang.authlib.yggdrasil.YggdrasilAuthenticationService/]: Environment: Environment[sessionHost=https://sessionserver.mojang.com, servicesHost=https://api.minecraftservices.com, name=PROD]
[06dic2024 12:29:30.275] [Render thread/INFO] [net.minecraft.client.Minecraft/]: Setting user: Dev
[06dic2024 12:29:30.379] [Render thread/INFO] [net.minecraft.client.Minecraft/]: Backend library: LWJGL version 3.3.3+5
[06dic2024 12:29:30.688] [modloading-worker-0/INFO] [net.neoforged.neoforge.common.NeoForgeMod/NEOFORGE-MOD]: NeoForge mod loading, version 21.3.57, for MC 1.21.3
[06dic2024 12:29:30.902] [modloading-worker-0/INFO] [REI/]: [REI] Config loaded
[06dic2024 12:29:30.982] [modloading-worker-0/INFO] [REI/]: [REI] Registered plugin provider DefaultPluginImpl [roughlyenoughitems] for REICommonPlugin
[06dic2024 12:29:30.983] [modloading-worker-0/INFO] [REI/]: [REI] Registered plugin provider DefaultRuntimePlugin [roughlyenoughitems] for REICommonPlugin
[06dic2024 12:29:31.011] [modloading-worker-0/INFO] [REI/]: [REI] Registered plugin provider DefaultClientPluginImpl [roughlyenoughitems] for REIClientPlugin
[06dic2024 12:29:31.024] [modloading-worker-0/INFO] [REI/]: [REI] Registered plugin provider DefaultClientRuntimePlugin [roughlyenoughitems] for REIClientPlugin
[06dic2024 12:29:31.026] [modloading-worker-0/INFO] [REI/]: [REI] Registered plugin provider HideIngredientsFromTagsPlugin [roughlyenoughitems] for REIClientPlugin
[06dic2024 12:29:31.032] [modloading-worker-0/INFO] [REI/]: [REI] Registered plugin provider REITestPlugin for REIClientPlugin
[06dic2024 12:29:31.033] [modloading-worker-0/INFO] [REI/]: [REI] Registered plugin provider REITestCommonPlugin for REICommonPlugin
[06dic2024 12:29:31.846] [Render thread/INFO] [net.neoforged.neoforge.gametest.GameTestHooks/]: Enabled Gametest Namespaces: []
[06dic2024 12:29:31.988] [Render thread/INFO] [net.minecraft.server.packs.resources.ReloadableResourceManager/]: Reloading ResourceManager: vanilla, mod_resources, mod/morenuggets, mod/roughlyenoughitems, mod/cloth_config, mod/architectury, mod/neoforge
[06dic2024 12:29:32.170] [resourceLoad/INFO] [net.minecraft.client.gui.font.providers.UnihexProvider/]: Found unifont_all_no_pua-15.1.05.hex, loading
[06dic2024 12:29:32.208] [resourceLoad/INFO] [net.minecraft.client.gui.font.providers.UnihexProvider/]: Found unifont_jp_patch-15.1.05.hex, loading
[06dic2024 12:29:33.679] [resourceLoad/WARN] [net.minecraft.client.resources.model.ModelManager/]: Missing textures in model neoforge:bucket_milk#inventory:
    minecraft:textures/atlas/blocks.png:neoforge:items/bucket_base
    minecraft:textures/atlas/blocks.png:neoforge:items/bucket_cover
    minecraft:textures/atlas/blocks.png:neoforge:items/bucket_fluid
[06dic2024 12:29:33.998] [Render thread/WARN] [net.minecraft.client.sounds.SoundEngine/]: Missing sound for event: minecraft:block.spawner.fall
[06dic2024 12:29:34.038] [Render thread/INFO] [com.mojang.blaze3d.audio.Library/]: OpenAL initialized on device OpenAL Soft on Altoparlanti (HyperX Cloud II Wireless)
[06dic2024 12:29:34.038] [Render thread/INFO] [net.minecraft.client.sounds.SoundEngine/SOUNDS]: Sound engine started
[06dic2024 12:29:34.162] [Render thread/INFO] [net.minecraft.client.renderer.texture.TextureAtlas/]: Created: 1024x512x4 minecraft:textures/atlas/blocks.png-atlas
[06dic2024 12:29:34.171] [Render thread/INFO] [net.minecraft.client.renderer.texture.TextureAtlas/]: Created: 256x256x4 minecraft:textures/atlas/signs.png-atlas
[06dic2024 12:29:34.171] [Render thread/INFO] [net.minecraft.client.renderer.texture.TextureAtlas/]: Created: 512x512x4 minecraft:textures/atlas/shield_patterns.png-atlas
[06dic2024 12:29:34.172] [Render thread/INFO] [net.minecraft.client.renderer.texture.TextureAtlas/]: Created: 512x512x4 minecraft:textures/atlas/banner_patterns.png-atlas
[06dic2024 12:29:34.173] [Render thread/INFO] [net.minecraft.client.renderer.texture.TextureAtlas/]: Created: 1024x1024x4 minecraft:textures/atlas/armor_trims.png-atlas
[06dic2024 12:29:34.177] [Render thread/INFO] [net.minecraft.client.renderer.texture.TextureAtlas/]: Created: 256x256x4 minecraft:textures/atlas/chest.png-atlas
[06dic2024 12:29:34.177] [Render thread/INFO] [net.minecraft.client.renderer.texture.TextureAtlas/]: Created: 128x64x4 minecraft:textures/atlas/decorated_pot.png-atlas
[06dic2024 12:29:34.178] [Render thread/INFO] [net.minecraft.client.renderer.texture.TextureAtlas/]: Created: 512x256x4 minecraft:textures/atlas/beds.png-atlas
[06dic2024 12:29:34.178] [Render thread/INFO] [net.minecraft.client.renderer.texture.TextureAtlas/]: Created: 512x256x4 minecraft:textures/atlas/shulker_boxes.png-atlas
[06dic2024 12:29:34.323] [Render thread/INFO] [net.minecraft.client.renderer.texture.TextureAtlas/]: Created: 64x64x0 minecraft:textures/atlas/map_decorations.png-atlas
[06dic2024 12:29:34.478] [Render thread/INFO] [net.minecraft.client.renderer.texture.TextureAtlas/]: Created: 512x256x0 minecraft:textures/atlas/particles.png-atlas
[06dic2024 12:29:34.479] [Render thread/INFO] [net.minecraft.client.renderer.texture.TextureAtlas/]: Created: 512x256x0 minecraft:textures/atlas/paintings.png-atlas
[06dic2024 12:29:34.479] [Render thread/INFO] [net.minecraft.client.renderer.texture.TextureAtlas/]: Created: 256x128x0 minecraft:textures/atlas/mob_effects.png-atlas
[06dic2024 12:29:34.480] [Render thread/INFO] [net.minecraft.client.renderer.texture.TextureAtlas/]: Created: 1024x1024x0 minecraft:textures/atlas/gui.png-atlas
[06dic2024 12:29:34.485] [Render thread/INFO] [net.neoforged.neoforge.client.entity.animation.json.AnimationLoader/]: Loaded 0 entity animations
[06dic2024 12:29:46.917] [Render thread/INFO] [net.minecraft.world.item.crafting.RecipeManager/]: Loaded 1371 recipes
[06dic2024 12:29:46.929] [Render thread/INFO] [net.minecraft.advancements.AdvancementTree/]: Loaded 1482 advancements
[06dic2024 12:29:49.148] [Server thread/INFO] [net.minecraft.client.server.IntegratedServer/]: Starting integrated minecraft server version 1.21.3
[06dic2024 12:29:49.148] [Server thread/INFO] [net.minecraft.server.MinecraftServer/]: Generating keypair
[06dic2024 12:29:52.922] [Server thread/INFO] [net.minecraft.server.MinecraftServer/]: Preparing start region for dimension minecraft:overworld
[06dic2024 12:29:52.955] [progressListener/INFO] [net.minecraft.server.level.progress.LoggerChunkProgressListener/]: Preparing spawn area: 2%
[06dic2024 12:29:53.478] [progressListener/INFO] [net.minecraft.server.level.progress.LoggerChunkProgressListener/]: Preparing spawn area: 2%
[06dic2024 12:29:53.953] [progressListener/INFO] [net.minecraft.server.level.progress.LoggerChunkProgressListener/]: Preparing spawn area: 2%
[06dic2024 12:29:54.447] [progressListener/INFO] [net.minecraft.server.level.progress.LoggerChunkProgressListener/]: Preparing spawn area: 18%
[06dic2024 12:29:54.939] [progressListener/INFO] [net.minecraft.server.level.progress.LoggerChunkProgressListener/]: Preparing spawn area: 18%
[06dic2024 12:29:55.448] [progressListener/INFO] [net.minecraft.server.level.progress.LoggerChunkProgressListener/]: Preparing spawn area: 18%
[06dic2024 12:29:55.965] [progressListener/INFO] [net.minecraft.server.level.progress.LoggerChunkProgressListener/]: Preparing spawn area: 51%
[06dic2024 12:29:56.445] [progressListener/INFO] [net.minecraft.server.level.progress.LoggerChunkProgressListener/]: Preparing spawn area: 51%
[06dic2024 12:29:56.945] [progressListener/INFO] [net.minecraft.server.level.progress.LoggerChunkProgressListener/]: Preparing spawn area: 51%
[06dic2024 12:29:57.007] [Server thread/INFO] [net.neoforged.neoforge.server.permission.PermissionAPI/]: Successfully initialized permission handler neoforge:default_handler
[06dic2024 12:29:57.017] [progressListener/INFO] [net.minecraft.server.level.progress.LoggerChunkProgressListener/]: Time elapsed: 4079 ms
[06dic2024 12:29:57.058] [Server thread/INFO] [net.minecraft.client.server.IntegratedServer/]: Changing view distance to 12, from 10
[06dic2024 12:29:57.058] [Server thread/INFO] [net.minecraft.client.server.IntegratedServer/]: Changing simulation distance to 12, from 0
[06dic2024 12:29:58.103] [Server thread/INFO] [net.minecraft.server.players.PlayerList/]: Dev[local:E:8f8ba51c] logged in with entity id 14 at (6.5, 68.0, 4.5)
[06dic2024 12:29:58.153] [Server thread/INFO] [net.minecraft.server.MinecraftServer/]: Dev joined the game
[06dic2024 12:29:59.102] [Render thread/WARN] [REI/]: [REI] Found 1 existing reload task(s) after trying to terminate them!
[06dic2024 12:29:59.121] [Render thread/INFO] [net.minecraft.advancements.AdvancementTree/]: Loaded 2 advancements
[06dic2024 12:29:59.135] [REI-ReloadPlugins/ERROR] [REI/]: [REI] REI Test Plugin is enabled! If you see this unintentionally, please report this!
[06dic2024 12:29:59.139] [REI-ReloadPlugins/INFO] [REI/]: [REI] ++++++++++++++++++++++++++++++++++++++++
[06dic2024 12:29:59.139] [REI-ReloadPlugins/INFO] [REI/]: [REI] REICommonPlugin starting main-reload for START.
[06dic2024 12:29:59.140] [REI-ReloadPlugins/INFO] [REI/]: [REI] Plugins (3):
[06dic2024 12:29:59.140] [REI-ReloadPlugins/INFO] [REI/]: [REI]  - (-100,00) DefaultPluginImpl of DefaultPluginImpl [roughlyenoughitems]
[06dic2024 12:29:59.140] [REI-ReloadPlugins/INFO] [REI/]: [REI]  - (0,00) REITestCommonPlugin
[06dic2024 12:29:59.141] [REI-ReloadPlugins/INFO] [REI/]: [REI]  - (0,00) DefaultRuntimePlugin of DefaultRuntimePlugin [roughlyenoughitems]
[06dic2024 12:29:59.141] [REI-ReloadPlugins/INFO] [REI/]: [REI] ++++++++++++++++++++++++++++++++++++++++
[06dic2024 12:29:59.275] [REI-ReloadPlugins/INFO] [REI/]: [REI] @@@@@@@@@@@@@@@@@@@@@@@@@@@@@@@@@@@@@@@@
[06dic2024 12:29:59.275] [REI-ReloadPlugins/INFO] [REI/]: [REI] REIClientPlugin starting main-reload for START.
[06dic2024 12:29:59.276] [REI-ReloadPlugins/INFO] [REI/]: [REI] Plugins (4):
[06dic2024 12:29:59.276] [REI-ReloadPlugins/INFO] [REI/]: [REI]  - (-100,00) DefaultClientPluginImpl of DefaultClientPluginImpl [roughlyenoughitems]
[06dic2024 12:29:59.276] [REI-ReloadPlugins/INFO] [REI/]: [REI]  - (0,00) REITestPlugin
[06dic2024 12:29:59.276] [REI-ReloadPlugins/INFO] [REI/]: [REI]  - (0,00) HideIngredientsFromTagsPlugin of HideIngredientsFromTagsPlugin [roughlyenoughitems]
[06dic2024 12:29:59.277] [REI-ReloadPlugins/INFO] [REI/]: [REI]  - (0,00) DefaultClientRuntimePlugin of DefaultClientRuntimePlugin [roughlyenoughitems]
[06dic2024 12:29:59.277] [REI-ReloadPlugins/INFO] [REI/]: [REI] @@@@@@@@@@@@@@@@@@@@@@@@@@@@@@@@@@@@@@@@
[06dic2024 12:29:59.820] [REI-ReloadPlugins/INFO] [REI/]: [REI] REICommonPlugin finished post-reload for START in 1.454 ms, totaling 158.0 ms.
[06dic2024 12:29:59.826] [REI-ReloadPlugins/INFO] [REI/]: [REI] REIClientPlugin finished post-reload for START in 1.608 ms, totaling 546.9 ms.
[06dic2024 12:29:59.829] [REI-ReloadPlugins/ERROR] [REI/]: [REI] REI Test Plugin is enabled! If you see this unintentionally, please report this!
[06dic2024 12:29:59.832] [REI-ReloadPlugins/INFO] [REI/]: [REI] ========================================
[06dic2024 12:29:59.833] [REI-ReloadPlugins/INFO] [REI/]: [REI] REICommonPlugin starting main-reload for END.
[06dic2024 12:29:59.833] [REI-ReloadPlugins/INFO] [REI/]: [REI] Plugins (3):
[06dic2024 12:29:59.833] [REI-ReloadPlugins/INFO] [REI/]: [REI]  - (-100,00) DefaultPluginImpl of DefaultPluginImpl [roughlyenoughitems]
[06dic2024 12:29:59.833] [REI-ReloadPlugins/INFO] [REI/]: [REI]  - (0,00) REITestCommonPlugin
[06dic2024 12:29:59.833] [REI-ReloadPlugins/INFO] [REI/]: [REI]  - (0,00) DefaultRuntimePlugin of DefaultRuntimePlugin [roughlyenoughitems]
[06dic2024 12:29:59.833] [REI-ReloadPlugins/INFO] [REI/]: [REI] ========================================
[06dic2024 12:29:59.883] [REI-ReloadPlugins/INFO] [REI/]: [REI] ########################################
[06dic2024 12:29:59.883] [REI-ReloadPlugins/INFO] [REI/]: [REI] REIClientPlugin starting main-reload for END.
[06dic2024 12:29:59.884] [REI-ReloadPlugins/INFO] [REI/]: [REI] Plugins (4):
[06dic2024 12:29:59.884] [REI-ReloadPlugins/INFO] [REI/]: [REI]  - (-100,00) DefaultClientPluginImpl of DefaultClientPluginImpl [roughlyenoughitems]
[06dic2024 12:29:59.884] [REI-ReloadPlugins/INFO] [REI/]: [REI]  - (0,00) REITestPlugin
[06dic2024 12:29:59.884] [REI-ReloadPlugins/INFO] [REI/]: [REI]  - (0,00) HideIngredientsFromTagsPlugin of HideIngredientsFromTagsPlugin [roughlyenoughitems]
[06dic2024 12:29:59.884] [REI-ReloadPlugins/INFO] [REI/]: [REI]  - (0,00) DefaultClientRuntimePlugin of DefaultClientRuntimePlugin [roughlyenoughitems]
[06dic2024 12:29:59.884] [REI-ReloadPlugins/INFO] [REI/]: [REI] ########################################
[06dic2024 12:30:00.334] [REI-ReloadPlugins/INFO] [REI/]: [REI] REICommonPlugin finished post-reload for END in 725.4 μs, totaling 53.04 ms.
[06dic2024 12:30:00.359] [REI-ReloadPlugins/INFO] [REI/]: [REI] REIClientPlugin finished post-reload for END in 2.608 ms, totaling 452.9 ms.
[06dic2024 12:30:02.845] [Render thread/INFO] [REI/]: [REI] [REI Server Display Sync] Received server's request to append 1551 recipes.
[06dic2024 12:30:02.854] [Render thread/WARN] [REI/]: [REI] Detected runtime DisplayRegistry modification, this can be extremely dangerous!
